<?xml version="1.0" encoding="UTF-8"?>
<!-- Generated by org.testng.reporters.JUnitXMLReporter -->
<testsuite ignored="0" hostname="LAPTOP-OO0DI5VI" failures="0" tests="4" name="Default test" time="15.396" errors="0" timestamp="2025-09-19T23:33:03 IST">
  <testcase classname="api.test.UserTests" name="testPostUser" time="2.714"/>
  <testcase classname="api.test.UserTests" name="testGetUser" time="4.626"/>
  <testcase classname="api.test.UserTests" name="testUpdateUser" time="5.988"/>
  <testcase classname="api.test.UserTests" name="testdeleteByName" time="1.53"/>
</testsuite> <!-- Default test -->
